0 info it worked if it ends with ok
1 verbose cli [ '/usr/local/bin/node', '/usr/local/bin/npm', 'publish' ]
2 info using npm@2.11.2
3 info using node@v0.12.6
4 verbose publish [ '.' ]
5 silly cache add args [ '.', null ]
6 verbose cache add spec .
7 silly cache add parsed spec { raw: '.',
7 silly cache add   scope: null,
7 silly cache add   name: null,
7 silly cache add   rawSpec: '.',
7 silly cache add   spec: '/home/pi/establish',
7 silly cache add   type: 'directory' }
8 verbose addLocalDirectory /home/pi/.npm/establish/0.0.2/package.tgz not in flight; packing
9 verbose tar pack [ '/home/pi/.npm/establish/0.0.2/package.tgz',
9 verbose tar pack   '/home/pi/establish' ]
10 verbose tarball /home/pi/.npm/establish/0.0.2/package.tgz
11 verbose folder /home/pi/establish
12 info prepublish establish@0.0.2
13 verbose addLocalTarball adding from inside cache /home/pi/.npm/establish/0.0.2/package.tgz
14 silly cache afterAdd establish@0.0.2
15 verbose afterAdd /home/pi/.npm/establish/0.0.2/package/package.json not in flight; writing
16 verbose afterAdd /home/pi/.npm/establish/0.0.2/package/package.json written
17 silly publish { name: 'establish',
17 silly publish   version: '0.0.2',
17 silly publish   description: 'A minimal css framework',
17 silly publish   main: 'gulpfile.js',
17 silly publish   dependencies:
17 silly publish    { gulp: '^3.9.1',
17 silly publish      'gulp-clean-css': '^3.0.3',
17 silly publish      'gulp-concat': '^2.6.1',
17 silly publish      'gulp-header': '^1.8.8' },
17 silly publish   devDependencies:
17 silly publish    { gulp: '^3.9.1',
17 silly publish      'gulp-clean-css': '^3.0.3',
17 silly publish      'gulp-concat': '^2.6.1',
17 silly publish      'gulp-header': '^1.8.8' },
17 silly publish   scripts: { test: 'echo "Error: no test specified" && exit 1' },
17 silly publish   repository:
17 silly publish    { type: 'git',
17 silly publish      url: 'git+https://github.com/talonbragg/establish.git' },
17 silly publish   keywords: [ 'establish', 'css', 'framework' ],
17 silly publish   author: { name: 'Talon Bragg' },
17 silly publish   license: 'MIT',
17 silly publish   bugs: { url: 'https://github.com/talonbragg/establish/issues' },
17 silly publish   homepage: 'https://github.com/talonbragg/establish#readme',
17 silly publish   readme: '# Establish\n\n## A minimal css framework\n[![Build Status](https://travis-ci.org/talonbragg/establish.svg?branch=master)](https://travis-ci.org/talonbragg/establish)\n\n**npm install:** `npm install --save establish`\n\nTo Learn More go to the website.\n',
17 silly publish   readmeFilename: 'README.md',
17 silly publish   gitHead: '350bbd25c546781f5001c02f9a5bbfc6e3284c33',
17 silly publish   _id: 'establish@0.0.2',
17 silly publish   _shasum: '9ed365d4e97517aa2ac96cf4020ef1f658dd42e5',
17 silly publish   _from: '.' }
18 verbose getPublishConfig undefined
19 silly mapToRegistry name establish
20 silly mapToRegistry using default registry
21 silly mapToRegistry registry https://registry.npmjs.org/
22 silly mapToRegistry uri https://registry.npmjs.org/establish
23 verbose publish registryBase https://registry.npmjs.org/
24 silly publish uploading /home/pi/.npm/establish/0.0.2/package.tgz
25 verbose request uri https://registry.npmjs.org/establish
26 verbose request sending authorization for write operation
27 info attempt registry request try #1 at 23:30:06
28 verbose request using bearer token for auth
29 verbose request id fcd88e8a872b2bbf
30 http request PUT https://registry.npmjs.org/establish
31 http 403 https://registry.npmjs.org/establish
32 verbose headers { 'content-type': 'application/json',
32 verbose headers   'cache-control': 'max-age=300',
32 verbose headers   'content-length': '103',
32 verbose headers   'accept-ranges': 'bytes',
32 verbose headers   date: 'Wed, 15 Mar 2017 23:30:06 GMT',
32 verbose headers   via: '1.1 varnish',
32 verbose headers   connection: 'keep-alive',
32 verbose headers   'x-served-by': 'cache-sjc3141-SJC',
32 verbose headers   'x-cache': 'MISS',
32 verbose headers   'x-cache-hits': '0',
32 verbose headers   'x-timer': 'S1489620606.371735,VS0,VE102',
32 verbose headers   vary: 'Accept-Encoding' }
33 verbose request invalidating /home/pi/.npm/registry.npmjs.org/establish on PUT
34 error publish Failed PUT 403
35 verbose stack Error: you do not have permission to publish "establish". Are you logged in as the correct user? : establish
35 verbose stack     at CachingRegistryClient.<anonymous> (/usr/local/lib/node_modules/npm/node_modules/npm-registry-client/lib/request.js:247:14)
35 verbose stack     at Request._callback (/usr/local/lib/node_modules/npm/node_modules/npm-registry-client/lib/request.js:170:14)
35 verbose stack     at Request.self.callback (/usr/local/lib/node_modules/npm/node_modules/request/request.js:354:22)
35 verbose stack     at Request.emit (events.js:110:17)
35 verbose stack     at Request.<anonymous> (/usr/local/lib/node_modules/npm/node_modules/request/request.js:1207:14)
35 verbose stack     at Request.emit (events.js:129:20)
35 verbose stack     at IncomingMessage.<anonymous> (/usr/local/lib/node_modules/npm/node_modules/request/request.js:1153:12)
35 verbose stack     at IncomingMessage.emit (events.js:129:20)
35 verbose stack     at _stream_readable.js:908:16
35 verbose stack     at process._tickCallback (node.js:355:11)
36 verbose statusCode 403
37 verbose pkgid establish
38 verbose cwd /home/pi/establish
39 error Linux 4.4.34-v7+
40 error argv "/usr/local/bin/node" "/usr/local/bin/npm" "publish"
41 error node v0.12.6
42 error npm  v2.11.2
43 error code E403
44 error you do not have permission to publish "establish". Are you logged in as the correct user? : establish
45 error If you need help, you may report this error at:
45 error     <https://github.com/npm/npm/issues>
46 verbose exit [ 1, true ]
